<?xml version="1.0" encoding="UTF-8"?>
<!-- Generated by org.testng.reporters.JUnitReportReporter -->
<testsuite hostname="DESKTOP-4DC0283" failures="0" tests="1" name="com.softwaretestingboard.magento.Test.HomePageTest" time="22.034" errors="0" timestamp="2024-04-13T17:10:34 IST" skipped="0">
  <testcase classname="com.softwaretestingboard.magento.Test.HomePageTest" name="VerifySearchProduct" time="22.034"/>
  <system-out/>
</testsuite> <!-- com.softwaretestingboard.magento.Test.HomePageTest -->
