<?xml version="1.0" encoding="UTF-8"?>
<!-- Generated by org.testng.reporters.JUnitReportReporter -->
<testsuite hostname="DESKTOP-4DC0283" failures="0" tests="1" name="com.softwaretestingboard.magento.Test.LogOutTest" time="32.587" errors="0" timestamp="2024-04-13T15:17:33 IST" skipped="0">
  <testcase classname="com.softwaretestingboard.magento.Test.LogOutTest" name="LogOut" time="32.587"/>
  <system-out/>
</testsuite> <!-- com.softwaretestingboard.magento.Test.LogOutTest -->
