<?xml version="1.0" encoding="UTF-8"?>
<!-- Generated by org.testng.reporters.JUnitReportReporter -->
<testsuite hostname="DESKTOP-4DC0283" failures="0" tests="1" name="com.softwaretestingboard.magento.Test.CartTest" time="55.285" errors="0" timestamp="2024-04-13T21:16:01 IST" skipped="0">
  <testcase classname="com.softwaretestingboard.magento.Test.CartTest" name="VerifyRemoveProdFromCart" time="55.285"/>
  <system-out/>
</testsuite> <!-- com.softwaretestingboard.magento.Test.CartTest -->
